2025-11-02 16:20:28,685 - pyswarms.single.global_best - INFO - Optimize for 100 iters with {'c1': 0.5, 'c2': 0.3, 'w': 0.9}
2025-11-02 16:20:34,483 - pyswarms.single.global_best - INFO - Optimization finished | best cost: 22.26474854447961, best pos: [15.04565723 18.20302572 39.24333009 76.35616694 76.20481287 30.86576593]
2025-11-02 16:20:58,337 - pyswarms.single.global_best - INFO - Optimize for 100 iters with {'c1': 0.5, 'c2': 0.3, 'w': 0.9}
2025-11-02 16:21:03,345 - pyswarms.single.global_best - INFO - Optimization finished | best cost: 4.149523475818153, best pos: [27.68533388 15.11386989 41.27461573 32.06386452 67.62338178 95.85285703
 34.6388711   5.4429973  91.71860127  4.67266704 92.68028885 65.3186787
 93.00919622 20.16883078 68.6868691  47.53220134 43.34935529 31.04579973
 95.33951805 33.28894042 68.74192354 14.26849228 72.78782713 71.32617311
 42.90044689 91.81228128 16.25867779 25.5064917   5.60573198 79.35037824
 66.9769838  31.11878269 15.42703048  2.47348906 15.29685822 54.68240405
 26.8009217  89.79596954 86.66828261 50.98260156 67.64211183  2.26872106
 36.4848805  46.17791726 20.16707236 10.78444695 36.16551607 91.68296047
  6.86482068 33.497714    3.59136826  6.89791891 55.84521526 28.65696309
 49.68716352 45.97068467 11.60189008 19.45246613 88.97005149 91.2105274
 59.79876424 75.12870667 72.77977809 65.5340113  82.40478831 68.31391772
 53.40263015 23.02602791 73.38588442 46.94848868 28.20823508 78.70577357
 69.59878053 92.34283794 17.10560784 64.76147244 23.7605645  90.12829489
  8.52858772 63.80323759 79.43619506 32.92984749 79.8699587  86.45291568
 30.55283756 71.68390678 29.38178635 27.82422508 85.25228638 32.51666037
  6.77996796 40.82079546 63.43678826 73.69692228 37.33844278 31.28142228
 50.68892981 64.70110746 69.97906706 12.45152173 85.313792   67.3576305
 85.15361146 43.53729692 87.85667681 82.17602309 45.60169555 38.08508021
 91.70259299 68.93817391 90.38571374 78.53882756 60.33669795 11.34404408
 28.97907249 86.12985568 36.01178691 41.85597909 41.20327556 73.40402235
 33.63768295 29.58448876 46.29633503  1.77119816 64.27058894 30.46522776
 83.43519205 81.60994281 66.12192894 32.05492802 51.26791505 43.9553203
 33.68154955 83.95139841 48.1852361  81.4321813   8.21930733 27.03058661
 96.85340755 57.80650141 49.17983779 52.06166318 20.23400321 70.14081385
  7.1902488  56.331805   56.83879673 90.56666204 52.19964559 11.57286399
 56.06913646  8.60897098 19.49741675 72.49015369 50.75089441  9.0124136
 46.93098295 72.49695815 72.03789412 17.49017014 18.90231801 66.50213721
 88.74261735  1.74284146 81.54965404 56.09082928 51.89596906 95.51549351
 72.43636525 37.4488101  33.96781328 55.43660891 59.59820543 29.34039366
 56.10249146 21.37840857 13.76393971 33.47008464 73.06307277 90.9483033
 44.52839596 62.49363155  7.69110591 89.60683554 56.41024909 77.94159137
 78.87688062 26.82265883 48.79030352 95.37524328  7.61893786 68.46553885
  3.99279836 25.79101182 85.72898152 93.65840022 73.676224   22.67436006
 33.19580263  4.43632025]
2025-11-02 16:24:48,447 - pyswarms.single.global_best - INFO - Optimize for 100 iters with {'c1': 0.5, 'c2': 0.3, 'w': 0.9}
2025-11-02 16:24:53,701 - pyswarms.single.global_best - INFO - Optimization finished | best cost: 4.149523475818153, best pos: [27.68533388 15.11386989 41.27461573 32.06386452 67.62338178 95.85285703
 34.6388711   5.4429973  91.71860127  4.67266704 92.68028885 65.3186787
 93.00919622 20.16883078 68.6868691  47.53220134 43.34935529 31.04579973
 95.33951805 33.28894042 68.74192354 14.26849228 72.78782713 71.32617311
 42.90044689 91.81228128 16.25867779 25.5064917   5.60573198 79.35037824
 66.9769838  31.11878269 15.42703048  2.47348906 15.29685822 54.68240405
 26.8009217  89.79596954 86.66828261 50.98260156 67.64211183  2.26872106
 36.4848805  46.17791726 20.16707236 10.78444695 36.16551607 91.68296047
  6.86482068 33.497714    3.59136826  6.89791891 55.84521526 28.65696309
 49.68716352 45.97068467 11.60189008 19.45246613 88.97005149 91.2105274
 59.79876424 75.12870667 72.77977809 65.5340113  82.40478831 68.31391772
 53.40263015 23.02602791 73.38588442 46.94848868 28.20823508 78.70577357
 69.59878053 92.34283794 17.10560784 64.76147244 23.7605645  90.12829489
  8.52858772 63.80323759 79.43619506 32.92984749 79.8699587  86.45291568
 30.55283756 71.68390678 29.38178635 27.82422508 85.25228638 32.51666037
  6.77996796 40.82079546 63.43678826 73.69692228 37.33844278 31.28142228
 50.68892981 64.70110746 69.97906706 12.45152173 85.313792   67.3576305
 85.15361146 43.53729692 87.85667681 82.17602309 45.60169555 38.08508021
 91.70259299 68.93817391 90.38571374 78.53882756 60.33669795 11.34404408
 28.97907249 86.12985568 36.01178691 41.85597909 41.20327556 73.40402235
 33.63768295 29.58448876 46.29633503  1.77119816 64.27058894 30.46522776
 83.43519205 81.60994281 66.12192894 32.05492802 51.26791505 43.9553203
 33.68154955 83.95139841 48.1852361  81.4321813   8.21930733 27.03058661
 96.85340755 57.80650141 49.17983779 52.06166318 20.23400321 70.14081385
  7.1902488  56.331805   56.83879673 90.56666204 52.19964559 11.57286399
 56.06913646  8.60897098 19.49741675 72.49015369 50.75089441  9.0124136
 46.93098295 72.49695815 72.03789412 17.49017014 18.90231801 66.50213721
 88.74261735  1.74284146 81.54965404 56.09082928 51.89596906 95.51549351
 72.43636525 37.4488101  33.96781328 55.43660891 59.59820543 29.34039366
 56.10249146 21.37840857 13.76393971 33.47008464 73.06307277 90.9483033
 44.52839596 62.49363155  7.69110591 89.60683554 56.41024909 77.94159137
 78.87688062 26.82265883 48.79030352 95.37524328  7.61893786 68.46553885
  3.99279836 25.79101182 85.72898152 93.65840022 73.676224   22.67436006
 33.19580263  4.43632025]
2025-11-02 16:29:47,803 - pyswarms.single.global_best - INFO - Optimize for 150 iters with {'c1': 0.5, 'c2': 0.3, 'w': 0.9}
2025-11-02 16:29:48,273 - pyswarms.single.global_best - INFO - Optimization finished | best cost: 1.4911962328889397, best pos: [  25.59399695 -108.4495617    25.59938762 -108.48013721   25.54852133
 -108.48882987   25.55383496 -108.45474879]
2025-11-02 16:33:03,838 - pyswarms.single.global_best - INFO - Optimize for 150 iters with {'c1': 0.5, 'c2': 0.3, 'w': 0.9}
2025-11-02 16:33:05,572 - pyswarms.single.global_best - INFO - Optimization finished | best cost: 0.31524574014841983, best pos: [  25.55580831 -108.46626477   25.58636121 -108.47097026   25.59896054
 -108.48350222   25.60598815 -108.43947534   25.596912   -108.47083043
   25.52760909 -108.47272754   25.55244049 -108.45314539   25.57139531
 -108.47950295   25.5410554  -108.48486063   25.55489465 -108.48113356
   25.56879124 -108.49482762   25.60231842 -108.46169895   25.54899665
 -108.47329824   25.53240743 -108.47668054   25.55681447 -108.48738495
   25.5431539  -108.44900699   25.54631079 -108.49218381   25.53893294
 -108.47378256   25.60284741 -108.46211477   25.61574494 -108.47646679
   25.58522404 -108.4533029    25.56444102 -108.5004248    25.57048244
 -108.48278775   25.60605721 -108.49382038   25.54934221 -108.4750178
   25.5731673  -108.46627396   25.59995119 -108.44123235   25.55194746
 -108.45980475   25.55813892 -108.45684622   25.5454785  -108.445215
   25.53228389 -108.44081558   25.60618644 -108.49178638   25.6154812
 -108.49060257   25.58614901 -108.4980337    25.62104258 -108.46649146
   25.5873441  -108.48589235   25.61053107 -108.44046816   25.58205177
 -108.45885796   25.53008256 -108.44716783   25.59598774 -108.47975033
   25.57194545 -108.45810775   25.58807076 -108.45208644   25.58244659
 -108.47663768   25.61516261 -108.46006875   25.59969089 -108.45839406
   25.53203116 -108.44821275   25.54867951 -108.4972811    25.59044069
 -108.50218539   25.5325012  -108.4988405    25.54740269 -108.49001383
   25.6111059  -108.47187688   25.54107678 -108.45785744   25.55742447
 -108.4525447    25.54665895 -108.46115096   25.6085362  -108.45876777
   25.61605664 -108.45245073   25.55571274 -108.4760373    25.57810118
 -108.49824536   25.6037279  -108.46467326   25.56345634 -108.44428697
   25.55664004 -108.4971433    25.54716474 -108.49697434   25.55636134
 -108.49162713   25.53779532 -108.47230601   25.60074573 -108.45975363
   25.56275382 -108.4870899    25.59639233 -108.47290749   25.60179755
 -108.4395755    25.55010019 -108.44582723   25.57171602 -108.48584306
   25.55525297 -108.46965125   25.59730596 -108.45423368   25.52940543
 -108.46223657   25.56549785 -108.46836637   25.59239162 -108.4726273
   25.60121591 -108.45515251   25.58774033 -108.4458709    25.61715238
 -108.48410073   25.52901479 -108.48206105   25.52764543 -108.46176072
   25.54682022 -108.45083549   25.57930487 -108.48138364   25.56795951
 -108.46854565   25.55478364 -108.48942454   25.5367243  -108.46251186
   25.54070447 -108.45024921   25.6092346  -108.46599072   25.57121037
 -108.44418671   25.58141941 -108.45377827   25.55778729 -108.44143202
   25.55431708 -108.48499332   25.53571918 -108.48589513   25.57913921
 -108.45267177   25.60978997 -108.44036102   25.57994145 -108.43999934
   25.57849011 -108.49978285   25.60202845 -108.47913816   25.60650758
 -108.4741314    25.57924423 -108.44271616   25.53738369 -108.4801936 ]
2025-11-02 16:34:19,725 - pyswarms.single.global_best - INFO - Optimize for 150 iters with {'c1': 0.5, 'c2': 0.3, 'w': 0.9}
2025-11-02 16:34:21,252 - pyswarms.single.global_best - INFO - Optimization finished | best cost: 0.31524574014841983, best pos: [  25.55580831 -108.46626477   25.58636121 -108.47097026   25.59896054
 -108.48350222   25.60598815 -108.43947534   25.596912   -108.47083043
   25.52760909 -108.47272754   25.55244049 -108.45314539   25.57139531
 -108.47950295   25.5410554  -108.48486063   25.55489465 -108.48113356
   25.56879124 -108.49482762   25.60231842 -108.46169895   25.54899665
 -108.47329824   25.53240743 -108.47668054   25.55681447 -108.48738495
   25.5431539  -108.44900699   25.54631079 -108.49218381   25.53893294
 -108.47378256   25.60284741 -108.46211477   25.61574494 -108.47646679
   25.58522404 -108.4533029    25.56444102 -108.5004248    25.57048244
 -108.48278775   25.60605721 -108.49382038   25.54934221 -108.4750178
   25.5731673  -108.46627396   25.59995119 -108.44123235   25.55194746
 -108.45980475   25.55813892 -108.45684622   25.5454785  -108.445215
   25.53228389 -108.44081558   25.60618644 -108.49178638   25.6154812
 -108.49060257   25.58614901 -108.4980337    25.62104258 -108.46649146
   25.5873441  -108.48589235   25.61053107 -108.44046816   25.58205177
 -108.45885796   25.53008256 -108.44716783   25.59598774 -108.47975033
   25.57194545 -108.45810775   25.58807076 -108.45208644   25.58244659
 -108.47663768   25.61516261 -108.46006875   25.59969089 -108.45839406
   25.53203116 -108.44821275   25.54867951 -108.4972811    25.59044069
 -108.50218539   25.5325012  -108.4988405    25.54740269 -108.49001383
   25.6111059  -108.47187688   25.54107678 -108.45785744   25.55742447
 -108.4525447    25.54665895 -108.46115096   25.6085362  -108.45876777
   25.61605664 -108.45245073   25.55571274 -108.4760373    25.57810118
 -108.49824536   25.6037279  -108.46467326   25.56345634 -108.44428697
   25.55664004 -108.4971433    25.54716474 -108.49697434   25.55636134
 -108.49162713   25.53779532 -108.47230601   25.60074573 -108.45975363
   25.56275382 -108.4870899    25.59639233 -108.47290749   25.60179755
 -108.4395755    25.55010019 -108.44582723   25.57171602 -108.48584306
   25.55525297 -108.46965125   25.59730596 -108.45423368   25.52940543
 -108.46223657   25.56549785 -108.46836637   25.59239162 -108.4726273
   25.60121591 -108.45515251   25.58774033 -108.4458709    25.61715238
 -108.48410073   25.52901479 -108.48206105   25.52764543 -108.46176072
   25.54682022 -108.45083549   25.57930487 -108.48138364   25.56795951
 -108.46854565   25.55478364 -108.48942454   25.5367243  -108.46251186
   25.54070447 -108.45024921   25.6092346  -108.46599072   25.57121037
 -108.44418671   25.58141941 -108.45377827   25.55778729 -108.44143202
   25.55431708 -108.48499332   25.53571918 -108.48589513   25.57913921
 -108.45267177   25.60978997 -108.44036102   25.57994145 -108.43999934
   25.57849011 -108.49978285   25.60202845 -108.47913816   25.60650758
 -108.4741314    25.57924423 -108.44271616   25.53738369 -108.4801936 ]
2025-11-02 16:37:11,040 - pyswarms.single.global_best - INFO - Optimize for 50 iters with {'c1': 0.5, 'c2': 0.3, 'w': 0.9}
2025-11-02 16:37:11,155 - pyswarms.single.global_best - INFO - Optimization finished | best cost: 2.100527632547126, best pos: [  25.59449199 -108.49634517   25.54460953 -108.45713152   25.54565424
 -108.49273086   25.59904464 -108.44246228]
2025-11-02 16:37:11,295 - matplotlib.animation - INFO - Animation.save using <class 'matplotlib.animation.PillowWriter'>
2025-11-02 16:37:46,274 - pyswarms.single.global_best - INFO - Optimize for 50 iters with {'c1': 0.5, 'c2': 0.3, 'w': 0.9}
2025-11-02 16:37:46,675 - pyswarms.single.global_best - INFO - Optimization finished | best cost: 0.4521023433904897, best pos: [  25.61127997 -108.44528194   25.6133014  -108.46041201   25.53544454
 -108.46328895   25.5732864  -108.44024648   25.61545176 -108.51726074
   25.59473758 -108.49021477   25.55593312 -108.51840292   25.61845836
 -108.4394397    25.57933341 -108.51811713   25.54731539 -108.48419144
   25.55622889 -108.44885434   25.53128926 -108.4940404    25.58077479
 -108.46515454   25.59249673 -108.46894841   25.61374044 -108.50973615
   25.61704857 -108.46071125   25.5676847  -108.49829479   25.61610797
 -108.5089662    25.54649556 -108.47905628   25.5728104  -108.51725713
   25.59609332 -108.50907036   25.56110461 -108.51286162   25.53102697
 -108.51001997   25.62127399 -108.42609832   25.5396875  -108.44284995
   25.5743303  -108.47178093   25.60454248 -108.4881497    25.59775614
 -108.44926209   25.53898769 -108.42002116   25.53636813 -108.47739461
   25.5373501  -108.44716897   25.58305384 -108.45944597   25.62310637
 -108.48552636   25.52324447 -108.52454885   25.56855975 -108.48805331
   25.51804603 -108.4502235    25.60045554 -108.43934802   25.56728659
 -108.43817832   25.61722581 -108.41577006   25.60006254 -108.50637616
   25.57634979 -108.47878222   25.56690709 -108.44440389   25.59191527
 -108.50070615   25.54187258 -108.44072949   25.56763188 -108.46274666
   25.62265972 -108.43076185   25.54009714 -108.45950748   25.56360667
 -108.44423941   25.53059357 -108.45608959   25.57173518 -108.49983035
   25.56947082 -108.49534526   25.60279206 -108.47509681   25.57525534
 -108.47677071   25.57394081 -108.44815779   25.53383732 -108.52253125
   25.54819663 -108.50098575   25.54341881 -108.47873839   25.5316376
 -108.50407483   25.58967563 -108.45466119   25.54875886 -108.5198345
   25.5590256  -108.42875701   25.61391646 -108.49386575   25.52467732
 -108.47944893   25.55045858 -108.41984309   25.55074142 -108.4208224
   25.5848268  -108.48144065   25.52599182 -108.42811733   25.54371343
 -108.45288396   25.55072646 -108.46376815   25.60278461 -108.48528717
   25.51956173 -108.51439157   25.54527845 -108.41861752   25.55360378
 -108.44644915   25.61935709 -108.51811746   25.5563574  -108.51863654
   25.60058224 -108.45250194   25.55200873 -108.51504509   25.552273
 -108.46110274   25.59758432 -108.46501337   25.61343988 -108.48140347
   25.53215268 -108.49535332   25.54802091 -108.51516331   25.5792292
 -108.49803474   25.60471614 -108.51579074   25.55091519 -108.50003072
   25.60146992 -108.44438404   25.60244961 -108.49358624   25.5278914
 -108.4249446    25.54818989 -108.49489907   25.54665301 -108.52430444
   25.54676373 -108.51095825   25.55204805 -108.41826813   25.6190204
 -108.48081064   25.56223985 -108.46804301   25.57008022 -108.46815795
   25.5574053  -108.4807459    25.5831235  -108.45201505   25.61454931
 -108.46431379   25.5232905  -108.42788604   25.61209461 -108.44659679]
2025-11-02 16:37:46,796 - matplotlib.animation - INFO - Animation.save using <class 'matplotlib.animation.PillowWriter'>
2025-11-02 16:39:35,349 - pyswarms.single.global_best - INFO - Optimize for 50 iters with {'c1': 0.5, 'c2': 0.3, 'w': 0.9}
2025-11-02 16:39:35,649 - pyswarms.single.global_best - INFO - Optimization finished | best cost: 0.4521023433904897, best pos: [  25.61127997 -108.44528194   25.6133014  -108.46041201   25.53544454
 -108.46328895   25.5732864  -108.44024648   25.61545176 -108.51726074
   25.59473758 -108.49021477   25.55593312 -108.51840292   25.61845836
 -108.4394397    25.57933341 -108.51811713   25.54731539 -108.48419144
   25.55622889 -108.44885434   25.53128926 -108.4940404    25.58077479
 -108.46515454   25.59249673 -108.46894841   25.61374044 -108.50973615
   25.61704857 -108.46071125   25.5676847  -108.49829479   25.61610797
 -108.5089662    25.54649556 -108.47905628   25.5728104  -108.51725713
   25.59609332 -108.50907036   25.56110461 -108.51286162   25.53102697
 -108.51001997   25.62127399 -108.42609832   25.5396875  -108.44284995
   25.5743303  -108.47178093   25.60454248 -108.4881497    25.59775614
 -108.44926209   25.53898769 -108.42002116   25.53636813 -108.47739461
   25.5373501  -108.44716897   25.58305384 -108.45944597   25.62310637
 -108.48552636   25.52324447 -108.52454885   25.56855975 -108.48805331
   25.51804603 -108.4502235    25.60045554 -108.43934802   25.56728659
 -108.43817832   25.61722581 -108.41577006   25.60006254 -108.50637616
   25.57634979 -108.47878222   25.56690709 -108.44440389   25.59191527
 -108.50070615   25.54187258 -108.44072949   25.56763188 -108.46274666
   25.62265972 -108.43076185   25.54009714 -108.45950748   25.56360667
 -108.44423941   25.53059357 -108.45608959   25.57173518 -108.49983035
   25.56947082 -108.49534526   25.60279206 -108.47509681   25.57525534
 -108.47677071   25.57394081 -108.44815779   25.53383732 -108.52253125
   25.54819663 -108.50098575   25.54341881 -108.47873839   25.5316376
 -108.50407483   25.58967563 -108.45466119   25.54875886 -108.5198345
   25.5590256  -108.42875701   25.61391646 -108.49386575   25.52467732
 -108.47944893   25.55045858 -108.41984309   25.55074142 -108.4208224
   25.5848268  -108.48144065   25.52599182 -108.42811733   25.54371343
 -108.45288396   25.55072646 -108.46376815   25.60278461 -108.48528717
   25.51956173 -108.51439157   25.54527845 -108.41861752   25.55360378
 -108.44644915   25.61935709 -108.51811746   25.5563574  -108.51863654
   25.60058224 -108.45250194   25.55200873 -108.51504509   25.552273
 -108.46110274   25.59758432 -108.46501337   25.61343988 -108.48140347
   25.53215268 -108.49535332   25.54802091 -108.51516331   25.5792292
 -108.49803474   25.60471614 -108.51579074   25.55091519 -108.50003072
   25.60146992 -108.44438404   25.60244961 -108.49358624   25.5278914
 -108.4249446    25.54818989 -108.49489907   25.54665301 -108.52430444
   25.54676373 -108.51095825   25.55204805 -108.41826813   25.6190204
 -108.48081064   25.56223985 -108.46804301   25.57008022 -108.46815795
   25.5574053  -108.4807459    25.5831235  -108.45201505   25.61454931
 -108.46431379   25.5232905  -108.42788604   25.61209461 -108.44659679]
2025-11-02 16:39:35,768 - matplotlib.animation - INFO - Animation.save using <class 'matplotlib.animation.PillowWriter'>
